@!@!@STARTMSG 2262:0 @!@!@
TLC2 Version 2.13 of 18 July 2018
@!@!@ENDMSG 2262 @!@!@
@!@!@STARTMSG 2187:0 @!@!@
Running breadth-first search Model-Checking with seed 794482045278793007 with 2 workers on 4 cores with 1214MB heap and 2730MB offheap memory (Mac OS X 10.13.6 x86_64, Oracle Corporation 1.8.0_101 x86_64).
@!@!@ENDMSG 2187 @!@!@
@!@!@STARTMSG 2220:0 @!@!@
Starting SANY...
@!@!@ENDMSG 2220 @!@!@
Parsing file /Users/williamschultz/Dropbox/Projects/TLA+/ProvingSafety/ProvingSafety.toolbox/InvImpliesMutex/MC.tla
Parsing file /Users/williamschultz/Dropbox/Projects/TLA+/ProvingSafety/ProvingSafety.toolbox/InvImpliesMutex/ProvingSafety.tla
Parsing file /Applications/TLA+ Toolbox-1.5.7.app/Contents/Eclipse/plugins/org.lamport.tlatools_1.0.0.201807180447/tla2sany/StandardModules/TLC.tla
Parsing file /Applications/TLA+ Toolbox-1.5.7.app/Contents/Eclipse/plugins/org.lamport.tlatools_1.0.0.201807180447/tla2sany/StandardModules/Integers.tla
Parsing file /Users/williamschultz/Dropbox/Projects/TLA+/ProvingSafety/ProvingSafety.toolbox/InvImpliesMutex/TLAPS.tla
Parsing file /Applications/TLA+ Toolbox-1.5.7.app/Contents/Eclipse/plugins/org.lamport.tlatools_1.0.0.201807180447/tla2sany/StandardModules/Naturals.tla
Parsing file /Applications/TLA+ Toolbox-1.5.7.app/Contents/Eclipse/plugins/org.lamport.tlatools_1.0.0.201807180447/tla2sany/StandardModules/Sequences.tla
Parsing file /usr/local/lib/tlaps/FiniteSets.tla
Semantic processing of module Naturals
Semantic processing of module Integers
Semantic processing of module TLAPS
Semantic processing of module ProvingSafety
Semantic processing of module Sequences
Semantic processing of module FiniteSets
Semantic processing of module TLC
Semantic processing of module MC
@!@!@STARTMSG 2219:0 @!@!@
SANY finished.
@!@!@ENDMSG 2219 @!@!@
@!@!@STARTMSG 2185:0 @!@!@
Starting... (2019-07-02 16:00:38)
@!@!@ENDMSG 2185 @!@!@
@!@!@STARTMSG 2189:0 @!@!@
Computing initial states...
@!@!@ENDMSG 2189 @!@!@
@!@!@STARTMSG 2269:0 @!@!@
Computed 2 initial states...
@!@!@ENDMSG 2269 @!@!@
@!@!@STARTMSG 2269:0 @!@!@
Computed 4 initial states...
@!@!@ENDMSG 2269 @!@!@
@!@!@STARTMSG 2269:0 @!@!@
Computed 8 initial states...
@!@!@ENDMSG 2269 @!@!@
@!@!@STARTMSG 2190:0 @!@!@
Finished computing initial states: 13 distinct states generated.
@!@!@ENDMSG 2190 @!@!@
@!@!@STARTMSG 2193:0 @!@!@
Model checking completed. No error has been found.
  Estimates of the probability that TLC did not check all reachable states
  because two distinct states had the same fingerprint:
  calculated (optimistic):  val = 9.2E-18
  based on the actual fingerprints:  val = 7.5E-18
@!@!@ENDMSG 2193 @!@!@
@!@!@STARTMSG 2201:0 @!@!@
The coverage statistics at 2019-07-02 16:00:51
@!@!@ENDMSG 2201 @!@!@
@!@!@STARTMSG 2221:0 @!@!@
  line 18, col 12 to line 18, col 15 of module ProvingSafety: 13
@!@!@ENDMSG 2221 @!@!@
@!@!@STARTMSG 2221:0 @!@!@
  line 18, col 18 to line 18, col 19 of module ProvingSafety: 13
@!@!@ENDMSG 2221 @!@!@
@!@!@STARTMSG 2202:0 @!@!@
End of statistics.
@!@!@ENDMSG 2202 @!@!@
@!@!@STARTMSG 2200:0 @!@!@
Progress(1) at 2019-07-02 16:00:51: 26 states generated (117 s/min), 13 distinct states found (58 ds/min), 0 states left on queue.
@!@!@ENDMSG 2200 @!@!@
@!@!@STARTMSG 2199:0 @!@!@
26 states generated, 13 distinct states found, 0 states left on queue.
@!@!@ENDMSG 2199 @!@!@
@!@!@STARTMSG 2194:0 @!@!@
The depth of the complete state graph search is 0.
@!@!@ENDMSG 2194 @!@!@
@!@!@STARTMSG 2268:0 @!@!@
The average outdegree of the complete state graph is 0 (minimum is 0, the maximum 0 and the 95th percentile is 0).
@!@!@ENDMSG 2268 @!@!@
@!@!@STARTMSG 2186:0 @!@!@
Finished in 14304ms at (2019-07-02 16:00:51)
@!@!@ENDMSG 2186 @!@!@
